$ storybook build --output-dir /var/folders/n3/ty9hb07n44sd35ndxhpm0zbh0000gn/T/chromatic--29015-7UGNQ14TJ70k
@storybook/cli v7.5.2

info => Cleaning outputDir: /var/folders/n3/ty9hb07n44sd35ndxhpm0zbh0000gn/T/chromatic--29015-7UGNQ14TJ70k
info => Loading presets
info => Building manager..
info => Manager built (879 ms)
info => Building preview..
info => Copying static files: /Users/andrewmosh/Desktop/taskbox/node_modules/@storybook/manager/static at /var/folders/n3/ty9hb07n44sd35ndxhpm0zbh0000gn/T/chromatic--29015-7UGNQ14TJ70k/sb-common-assets
vite v4.5.0 building for production...
info => Copying static files: /Users/andrewmosh/Desktop/taskbox/public at /var/folders/n3/ty9hb07n44sd35ndxhpm0zbh0000gn/T/chromatic--29015-7UGNQ14TJ70k/

./sb-common-assets/fonts.css doesn't exist at build time, it will remain unchanged to be resolved at runtime
transforming...
node_modules/telejson/dist/index.mjs (1413:15) Use of eval in "node_modules/telejson/dist/index.mjs" is strongly discouraged as it poses security risks and may cause issues with minification.
node_modules/telejson/dist/index.mjs (1416:18) Use of eval in "node_modules/telejson/dist/index.mjs" is strongly discouraged as it poses security risks and may cause issues with minification.
✓ 925 modules transformed.
rendering chunks...
computing gzip size...
../../../../var/folders/n3/ty9hb07n44sd35ndxhpm0zbh0000gn/T/chromatic--29015-7UGNQ14TJ70k/iframe.html                                     12.54 kB │ gzip:   3.56 kB
../../../../var/folders/n3/ty9hb07n44sd35ndxhpm0zbh0000gn/T/chromatic--29015-7UGNQ14TJ70k/assets/percolate-dac75269.ttf                   34.04 kB
../../../../var/folders/n3/ty9hb07n44sd35ndxhpm0zbh0000gn/T/chromatic--29015-7UGNQ14TJ70k/assets/percolate-ec979d96.woff                  34.11 kB
../../../../var/folders/n3/ty9hb07n44sd35ndxhpm0zbh0000gn/T/chromatic--29015-7UGNQ14TJ70k/assets/percolate-5ed633c2.eot                   34.21 kB
../../../../var/folders/n3/ty9hb07n44sd35ndxhpm0zbh0000gn/T/chromatic--29015-7UGNQ14TJ70k/assets/percolate-d13fa91b.svg                  140.51 kB │ gzip:  47.50 kB
../../../../var/folders/n3/ty9hb07n44sd35ndxhpm0zbh0000gn/T/chromatic--29015-7UGNQ14TJ70k/assets/preview-08bf0ee7.css                      6.88 kB │ gzip:   2.06 kB
../../../../var/folders/n3/ty9hb07n44sd35ndxhpm0zbh0000gn/T/chromatic--29015-7UGNQ14TJ70k/assets/_commonjs-dynamic-modules-302442b1.js     0.30 kB │ gzip:   0.24 kB │ map:     0.12 kB
../../../../var/folders/n3/ty9hb07n44sd35ndxhpm0zbh0000gn/T/chromatic--29015-7UGNQ14TJ70k/assets/WithTooltip-4HIR6TLV-6add82a1.js          0.49 kB │ gzip:   0.30 kB │ map:     0.11 kB
../../../../var/folders/n3/ty9hb07n44sd35ndxhpm0zbh0000gn/T/chromatic--29015-7UGNQ14TJ70k/assets/syntaxhighlighter-NMPM6SWI-4c979e94.js    0.51 kB │ gzip:   0.33 kB │ map:     0.12 kB
../../../../var/folders/n3/ty9hb07n44sd35ndxhpm0zbh0000gn/T/chromatic--29015-7UGNQ14TJ70k/assets/preview-90049b61.js                       0.56 kB │ gzip:   0.35 kB │ map:     0.54 kB
../../../../var/folders/n3/ty9hb07n44sd35ndxhpm0zbh0000gn/T/chromatic--29015-7UGNQ14TJ70k/assets/index-3fd0d1ea.js                         0.62 kB │ gzip:   0.38 kB │ map:     4.28 kB
../../../../var/folders/n3/ty9hb07n44sd35ndxhpm0zbh0000gn/T/chromatic--29015-7UGNQ14TJ70k/assets/preview-87eac49b.js                       0.68 kB │ gzip:   0.48 kB │ map:     3.90 kB
../../../../var/folders/n3/ty9hb07n44sd35ndxhpm0zbh0000gn/T/chromatic--29015-7UGNQ14TJ70k/assets/_commonjsHelpers-de833af9.js              0.75 kB │ gzip:   0.43 kB │ map:     0.11 kB
../../../../var/folders/n3/ty9hb07n44sd35ndxhpm0zbh0000gn/T/chromatic--29015-7UGNQ14TJ70k/assets/index-356e4a49.js                         0.81 kB │ gzip:   0.51 kB │ map:     3.26 kB
../../../../var/folders/n3/ty9hb07n44sd35ndxhpm0zbh0000gn/T/chromatic--29015-7UGNQ14TJ70k/assets/index-8d47fad6.js                         0.84 kB │ gzip:   0.55 kB │ map:     4.08 kB
../../../../var/folders/n3/ty9hb07n44sd35ndxhpm0zbh0000gn/T/chromatic--29015-7UGNQ14TJ70k/assets/preview-b3c37142.js                       0.90 kB │ gzip:   0.59 kB │ map:     2.97 kB
../../../../var/folders/n3/ty9hb07n44sd35ndxhpm0zbh0000gn/T/chromatic--29015-7UGNQ14TJ70k/assets/preview-0e1093c2.js                       1.06 kB │ gzip:   0.69 kB │ map:     3.27 kB
../../../../var/folders/n3/ty9hb07n44sd35ndxhpm0zbh0000gn/T/chromatic--29015-7UGNQ14TJ70k/assets/InboxScreen.stories-544d6c02.js           2.14 kB │ gzip:   0.89 kB │ map:     1.87 kB
../../../../var/folders/n3/ty9hb07n44sd35ndxhpm0zbh0000gn/T/chromatic--29015-7UGNQ14TJ70k/assets/preview-bed967c6.js                       2.38 kB │ gzip:   1.24 kB │ map:    11.11 kB
../../../../var/folders/n3/ty9hb07n44sd35ndxhpm0zbh0000gn/T/chromatic--29015-7UGNQ14TJ70k/assets/index-d37d4223.js                         2.63 kB │ gzip:   1.30 kB │ map:     7.48 kB
../../../../var/folders/n3/ty9hb07n44sd35ndxhpm0zbh0000gn/T/chromatic--29015-7UGNQ14TJ70k/assets/preview-108c1c3c.js                       3.26 kB │ gzip:   1.41 kB │ map:    10.27 kB
../../../../var/folders/n3/ty9hb07n44sd35ndxhpm0zbh0000gn/T/chromatic--29015-7UGNQ14TJ70k/assets/Task.stories-2e4b3bc1.js                  3.71 kB │ gzip:   1.58 kB │ map:     5.05 kB
../../../../var/folders/n3/ty9hb07n44sd35ndxhpm0zbh0000gn/T/chromatic--29015-7UGNQ14TJ70k/assets/iframe-ecf18e99.js                        4.51 kB │ gzip:   1.66 kB │ map:     5.41 kB
../../../../var/folders/n3/ty9hb07n44sd35ndxhpm0zbh0000gn/T/chromatic--29015-7UGNQ14TJ70k/assets/index-76fb7be0.js                         7.21 kB │ gzip:   2.95 kB │ map:    15.71 kB
../../../../var/folders/n3/ty9hb07n44sd35ndxhpm0zbh0000gn/T/chromatic--29015-7UGNQ14TJ70k/assets/preview-b8d6c68d.js                       7.67 kB │ gzip:   1.59 kB │ map:    14.22 kB
../../../../var/folders/n3/ty9hb07n44sd35ndxhpm0zbh0000gn/T/chromatic--29015-7UGNQ14TJ70k/assets/preview-2059b184.js                       8.32 kB │ gzip:   3.20 kB │ map:    29.42 kB
../../../../var/folders/n3/ty9hb07n44sd35ndxhpm0zbh0000gn/T/chromatic--29015-7UGNQ14TJ70k/assets/index-da07a199.js                        13.66 kB │ gzip:   5.12 kB │ map:    53.10 kB
../../../../var/folders/n3/ty9hb07n44sd35ndxhpm0zbh0000gn/T/chromatic--29015-7UGNQ14TJ70k/assets/Color-6VNJS4EI-4110b998.js               17.68 kB │ gzip:   6.78 kB │ map:    59.61 kB
../../../../var/folders/n3/ty9hb07n44sd35ndxhpm0zbh0000gn/T/chromatic--29015-7UGNQ14TJ70k/assets/preview-6751e51d.js                      21.12 kB │ gzip:   7.00 kB │ map:    68.38 kB
../../../../var/folders/n3/ty9hb07n44sd35ndxhpm0zbh0000gn/T/chromatic--29015-7UGNQ14TJ70k/assets/preview-10133434.js                      34.24 kB │ gzip:  13.39 kB │ map:   127.53 kB
../../../../var/folders/n3/ty9hb07n44sd35ndxhpm0zbh0000gn/T/chromatic--29015-7UGNQ14TJ70k/assets/TaskList.stories-805af639.js             40.33 kB │ gzip:  13.95 kB │ map:   238.94 kB
../../../../var/folders/n3/ty9hb07n44sd35ndxhpm0zbh0000gn/T/chromatic--29015-7UGNQ14TJ70k/assets/_getPrototype-e1e43787.js                79.01 kB │ gzip:  23.72 kB │ map:   326.34 kB
../../../../var/folders/n3/ty9hb07n44sd35ndxhpm0zbh0000gn/T/chromatic--29015-7UGNQ14TJ70k/assets/index-d3ea75b5.js                       134.11 kB │ gzip:  43.24 kB │ map:   328.83 kB
../../../../var/folders/n3/ty9hb07n44sd35ndxhpm0zbh0000gn/T/chromatic--29015-7UGNQ14TJ70k/assets/config-e12572bb.js                      213.48 kB │ gzip:  66.40 kB │ map:   803.24 kB
../../../../var/folders/n3/ty9hb07n44sd35ndxhpm0zbh0000gn/T/chromatic--29015-7UGNQ14TJ70k/assets/index-32677831.js                       372.83 kB │ gzip: 114.16 kB │ map: 1,559.83 kB
../../../../var/folders/n3/ty9hb07n44sd35ndxhpm0zbh0000gn/T/chromatic--29015-7UGNQ14TJ70k/assets/DocsRenderer-NNNQARDV-e03ee8c3.js       534.99 kB │ gzip: 174.77 kB │ map: 1,550.63 kB
../../../../var/folders/n3/ty9hb07n44sd35ndxhpm0zbh0000gn/T/chromatic--29015-7UGNQ14TJ70k/assets/axe-ace75cbe.js                         554.63 kB │ gzip: 151.96 kB │ map: 1,993.94 kB
../../../../var/folders/n3/ty9hb07n44sd35ndxhpm0zbh0000gn/T/chromatic--29015-7UGNQ14TJ70k/assets/formatter-SWP5E3XI-555ed4a2.js          601.69 kB │ gzip: 185.09 kB │ map: 1,318.59 kB

(!) Some chunks are larger than 500 kBs after minification. Consider:
- Using dynamic import() to code-split the application
- Use build.rollupOptions.output.manualChunks to improve chunking: https://rollupjs.org/configuration-options/#output-manualchunks
- Adjust chunk size limit for this warning via build.chunkSizeWarningLimit.
✓ built in 54.19s
info => Preview built (58 s)
info => Output directory: /var/folders/n3/ty9hb07n44sd35ndxhpm0zbh0000gn/T/chromatic--29015-7UGNQ14TJ70k
